<testng-results>
  <reporter-output>
  </reporter-output>
  <suite name="eopac">
    <groups>
    </groups>
    <test name="de.tixus.eopac.server.HtmlProtocolTest">
      <class name="de.tixus.eopac.server.HtmlProtocolTest">
        <test-method status="FAIL" signature="testStaticHtmlSearch()" name="testStaticHtmlSearch" duration-ms="2716" started-at="2010-01-16T19:11:28Z" finished-at="2010-01-16T19:11:31Z">
          <exception class="java.lang.NullPointerException">
            <full-stacktrace>
              <![CDATA[java.lang.NullPointerException
	at de.tixus.eopac.server.zones.LibraryLookupZonesImpl.parseHtml(LibraryLookupZonesImpl.java:157)
	at de.tixus.eopac.server.zones.LibraryLookupZonesImpl.findByIsbn(LibraryLookupZonesImpl.java:61)
	at de.tixus.eopac.server.HtmlProtocolTest.testStaticHtmlSearch(HtmlProtocolTest.java:25)
	at sun.reflect.NativeMethodAccessorImpl.invoke0(Native Method)
	at sun.reflect.NativeMethodAccessorImpl.invoke(NativeMethodAccessorImpl.java:39)
	at sun.reflect.DelegatingMethodAccessorImpl.invoke(DelegatingMethodAccessorImpl.java:25)
	at java.lang.reflect.Method.invoke(Method.java:597)
	at org.testng.internal.MethodHelper.invokeMethod(MethodHelper.java:580)
	at org.testng.internal.Invoker.invokeMethod(Invoker.java:478)
	at org.testng.internal.Invoker.invokeTestMethod(Invoker.java:617)
	at org.testng.internal.Invoker.invokeTestMethods(Invoker.java:885)
	at org.testng.internal.TestMethodWorker.invokeTestMethods(TestMethodWorker.java:126)
	at org.testng.internal.TestMethodWorker.run(TestMethodWorker.java:110)
	at org.testng.TestRunner.runWorkers(TestRunner.java:712)
	at org.testng.TestRunner.privateRun(TestRunner.java:582)
	at org.testng.TestRunner.run(TestRunner.java:477)
	at org.testng.SuiteRunner.runTest(SuiteRunner.java:324)
	at org.testng.SuiteRunner.runSequentially(SuiteRunner.java:319)
	at org.testng.SuiteRunner.privateRun(SuiteRunner.java:292)
	at org.testng.SuiteRunner.run(SuiteRunner.java:198)
	at org.testng.TestNG.createAndRunSuiteRunners(TestNG.java:823)
	at org.testng.TestNG.runSuitesLocally(TestNG.java:790)
	at org.testng.TestNG.run(TestNG.java:708)
	at org.testng.remote.RemoteTestNG.run(RemoteTestNG.java:73)
	at org.testng.remote.RemoteTestNG.main(RemoteTestNG.java:124)
]]>
            </full-stacktrace>
          </exception>
        </test-method>
      </class>
    </test>
  </suite>
</testng-results>
